iomanX_IMPORTS_start
I_open
I_close
I_getstat
I_read
I_write
I_lseek
I_dopen
I_dclose
I_dread
I_devctl
I_ioctl2
I_AddDrv
I_DelDrv
iomanX_IMPORTS_end

thsemap_IMPORTS_start
I_CreateSema
I_DeleteSema
I_WaitSema
I_SignalSema
thsemap_IMPORTS_end

stdio_IMPORTS_start
I_printf
stdio_IMPORTS_end

sysclib_IMPORTS_start
I_memcpy
I_memset
I_sprintf
I_strncpy
I_strtok
I_strtoul
I_strlen
I_strcmp
I_strncmp
I_strcpy
I_strchr
sysclib_IMPORTS_end

intrman_IMPORTS_start
I_CpuSuspendIntr
I_CpuResumeIntr
intrman_IMPORTS_end

sysmem_IMPORTS_start
I_AllocSysMemory
I_FreeSysMemory
sysmem_IMPORTS_end
